<?xml version="1.0" encoding="UTF-8"?>
<!-- Generated by org.testng.reporters.JUnitReportReporter -->
<testsuite hostname="DESKTOP-9ORSESM" failures="0" tests="6" name="QuestionNo2Ans.testQuestionNo2Ans" time="1.251" errors="0" timestamp="2022-06-16T15:47:29 IST" skipped="0">
  <testcase classname="QuestionNo2Ans.testQuestionNo2Ans" name="verifyingSignUpSignupBtn" time="0.059"/>
  <system-out/>
  <testcase classname="QuestionNo2Ans.testQuestionNo2Ans" name="verifyingSignUpUserName" time="0.167"/>
  <system-out/>
  <testcase classname="QuestionNo2Ans.testQuestionNo2Ans" name="verifyingSignUpOrgName" time="0.142"/>
  <system-out/>
  <testcase classname="QuestionNo2Ans.testQuestionNo2Ans" name="verifyingSignUpEmail" time="0.184"/>
  <system-out/>
  <testcase classname="QuestionNo2Ans.testQuestionNo2Ans" name="verifyingSignUpLanguageDropdown" time="0.204"/>
  <system-out/>
  <testcase classname="QuestionNo2Ans.testQuestionNo2Ans" name="verifyingSignUpCheckBox" time="0.495"/>
  <system-out/>
</testsuite> <!-- QuestionNo2Ans.testQuestionNo2Ans -->
